<?xml version="1.0" encoding="utf-8"?><testsuites name="pytest tests"><testsuite name="pytest" errors="0" failures="0" skipped="0" tests="17" time="27.864" timestamp="2026-09-14T11:17:40.184191+00:00" hostname="runnervmlun5p"><testcase classname="tests.test_fuse_c220_recovery" name="test_fresh_nominal_geometry_and_kinematics" time="21.016" /><testcase classname="tests.test_fuse_c220_recovery" name="test_adversarial_coordinates_are_rejected[coordinates0]" time="0.001" /><testcase classname="tests.test_fuse_c220_recovery" name="test_adversarial_coordinates_are_rejected[coordinates1]" time="0.000" /><testcase classname="tests.test_fuse_c220_recovery" name="test_adversarial_coordinates_are_rejected[coordinates2]" time="0.000" /><testcase classname="tests.test_fuse_c220_recovery" name="test_adversarial_coordinates_are_rejected[coordinates3]" time="0.000" /><testcase classname="tests.test_fuse_c220_recovery" name="test_fresh_toolpath_volume_and_coordinate_checks" time="1.922" /><testcase classname="tests.test_fuse_c220_recovery" name="test_independent_cached_edge_checks" time="1.423" /><testcase classname="tests.test_fuse_c220_recovery" name="test_stills_call_current_v9_dispatch" time="0.001" /><testcase classname="tests.test_fuse_c220_recovery" name="test_preview_is_an_explicit_lower_sample_v9_request" time="0.001" /><testcase classname="tests.test_fuse_c220_recovery" name="test_schedule_labels_timelapse_and_final_replay" time="0.001" /><testcase classname="tests.test_fuse_c220_recovery" name="test_checkpoints_reject_changed_bytes_or_fingerprint" time="0.002" /><testcase classname="tests.test_fuse_c220_recovery" name="test_encoding_refuses_missing_frames" time="0.063" /><testcase classname="tests.test_v9_render_profile" name="test_lab_defaults_are_true_v9" time="0.010" /><testcase classname="tests.test_v9_render_profile" name="test_v9_matches_approved_orbit_renderer_contract" time="0.000" /><testcase classname="tests.test_v9_render_profile" name="test_v9_aces_transfer_is_finite_monotonic_and_achromatic" time="0.001" /><testcase classname="tests.test_v9_render_profile" name="test_cybrgeo_cli_defaults_to_v9_not_legacy_native" time="0.012" /><testcase classname="tests.test_v9_render_profile" name="test_every_public_v9_entrypoint_uses_stable_dispatch" time="0.008" /></testsuite></testsuites>